4/26/2018 8:33:10 AM - Microsoft VSIX Installer
4/26/2018 8:33:10 AM - -------------------------------------------
4/26/2018 8:33:10 AM - vsixinstaller.exe version:
4/26/2018 8:33:10 AM - 15.6.152+ge95e4dd1ce
4/26/2018 8:33:10 AM - -------------------------------------------
4/26/2018 8:33:10 AM - Command line parameters:
4/26/2018 8:33:10 AM - C:\Program Files (x86)\Microsoft Visual Studio\Installer\resources\app\ServiceHub\Services\Microsoft.VisualStudio.Setup.Service\VSIXInstaller.exe,C:\Users\Sharon\Downloads\WindowsIoTCoreTemplatesDev15.vsix,/callingprocessid:16464,/installas:3580
4/26/2018 8:33:10 AM - -------------------------------------------
4/26/2018 8:33:10 AM - Microsoft VSIX Installer
4/26/2018 8:33:10 AM - -------------------------------------------
4/26/2018 8:33:11 AM - Initializing Install...
4/26/2018 8:33:11 AM - Extension Details...
4/26/2018 8:33:11 AM - 	Identifier         : WindowsIoTCoreTemplatesDev15..d31f6474-cb78-4cbe-ae6a-15847344e1ba
4/26/2018 8:33:11 AM - 	Name               : Windows IoT Core Project Templates for VS 2017
4/26/2018 8:33:11 AM - 	Author             : Microsoft
4/26/2018 8:33:11 AM - 	Version            : 1.0.1
4/26/2018 8:33:11 AM - 	Description        : This package contains project templates for Windows IoT Core Applications and Visual Studio 2017
4/26/2018 8:33:11 AM - 	Locale             : en-US
4/26/2018 8:33:11 AM - 	MoreInfoURL        : 
4/26/2018 8:33:11 AM - 	InstalledByMSI     : False
4/26/2018 8:33:11 AM - 	SupportedFrameworkVersionRange : [4.5,)
4/26/2018 8:33:11 AM - 
4/26/2018 8:33:12 AM - 	SignatureState     : ValidSignature
4/26/2018 8:33:12 AM - 	SignedBy           : Microsoft Corporation
4/26/2018 8:33:12 AM - 	Certificate Info   : 
4/26/2018 8:33:12 AM - 		-------------------------------------------------------
4/26/2018 8:33:12 AM - 		[Subject]       : CN=Microsoft Corporation, OU=MOPR, OU=OPC, O=Microsoft Corporation, L=Redmond, S=Washington, C=US
4/26/2018 8:33:12 AM - 		[Issuer]        : CN=Microsoft Code Signing PCA 2010, O=Microsoft Corporation, L=Redmond, S=Washington, C=US
4/26/2018 8:33:12 AM - 		[Serial Number] : 330000017D015E4C2BE2BCF66900000000017D
4/26/2018 8:33:12 AM - 		[Not Before]    : 2/15/2017 2:10:16 PM
4/26/2018 8:33:12 AM - 		[Not After]     : 5/9/2018 3:10:16 PM
4/26/2018 8:33:12 AM - 		[Thumbprint]    : 69713C6FF47FADFF90C9465F7783E6E08232B28F
4/26/2018 8:33:12 AM - 
4/26/2018 8:33:12 AM - 	Supported Products : 
4/26/2018 8:33:12 AM - 		Microsoft.VisualStudio.Community
4/26/2018 8:33:12 AM - 			Version : [15.0,16.0)
4/26/2018 8:33:12 AM - 		Microsoft.VisualStudio.Pro
4/26/2018 8:33:12 AM - 			Version : [15.0,16.0)
4/26/2018 8:33:12 AM - 		Microsoft.VisualStudio.Enterprise
4/26/2018 8:33:12 AM - 			Version : [15.0,16.0)
4/26/2018 8:33:12 AM - 
4/26/2018 8:33:12 AM - 	References         : 
4/26/2018 8:33:12 AM - 	Prerequisites      : 
4/26/2018 8:33:12 AM - 		-------------------------------------------------------
4/26/2018 8:33:12 AM - 		Identifier   : Microsoft.VisualStudio.ComponentGroup.UWP.VC
4/26/2018 8:33:12 AM - 		Name         : C++ UWP support
4/26/2018 8:33:12 AM - 		Version      : [15.0,16.0)
4/26/2018 8:33:12 AM - 
4/26/2018 8:33:12 AM - 		-------------------------------------------------------
4/26/2018 8:33:12 AM - 		Identifier   : Microsoft.VisualStudio.Component.UWP.Support
4/26/2018 8:33:12 AM - 		Name         : Windows 10 UWP development support
4/26/2018 8:33:12 AM - 		Version      : [15.0,16.0)
4/26/2018 8:33:12 AM - 
4/26/2018 8:33:12 AM - Signature Details...
4/26/2018 8:33:12 AM - 	Extension is signed with a valid signature.
4/26/2018 8:33:12 AM - 
4/26/2018 8:33:12 AM - Searching for applicable products...
4/26/2018 8:33:12 AM - Found installed product - Global Location
4/26/2018 8:33:12 AM - Found installed product - Visual Studio Community 2017
4/26/2018 8:33:12 AM - Capping recursion at 5 directories in each extension root due to 'default limit'.
4/26/2018 8:33:13 AM - Found 'C:\PROGRAM FILES (X86)\MICROSOFT VISUAL STUDIO\2017\COMMUNITY\COMMON7\IDE\EXTENSIONS\zwev2qj2.ge2\extension.vsixmanifest'
4/26/2018 8:33:13 AM - Found 'C:\PROGRAM FILES (X86)\MICROSOFT VISUAL STUDIO\2017\COMMUNITY\COMMON7\IDE\EXTENSIONS\zh5j5cxx.njy\extension.vsixmanifest'
4/26/2018 8:33:13 AM - Found 'C:\PROGRAM FILES (X86)\MICROSOFT VISUAL STUDIO\2017\COMMUNITY\COMMON7\IDE\EXTENSIONS\ydj4uihq.gm2\extension.vsixmanifest'
4/26/2018 8:33:13 AM - Found 'C:\PROGRAM FILES (X86)\MICROSOFT VISUAL STUDIO\2017\COMMUNITY\COMMON7\IDE\EXTENSIONS\y3fpakcy.5tk\extension.vsixmanifest'
4/26/2018 8:33:13 AM - Found 'C:\PROGRAM FILES (X86)\MICROSOFT VISUAL STUDIO\2017\COMMUNITY\COMMON7\IDE\EXTENSIONS\w2hffw13.12q\extension.vsixmanifest'
4/26/2018 8:33:13 AM - Found 'C:\PROGRAM FILES (X86)\MICROSOFT VISUAL STUDIO\2017\COMMUNITY\COMMON7\IDE\EXTENSIONS\v52db5p5.grt\extension.vsixmanifest'
4/26/2018 8:33:13 AM - Found 'C:\PROGRAM FILES (X86)\MICROSOFT VISUAL STUDIO\2017\COMMUNITY\COMMON7\IDE\EXTENSIONS\twyvqm04.nd1\extension.vsixmanifest'
4/26/2018 8:33:13 AM - Found 'C:\PROGRAM FILES (X86)\MICROSOFT VISUAL STUDIO\2017\COMMUNITY\COMMON7\IDE\EXTENSIONS\tn0kyrcu.t01\extension.vsixmanifest'
4/26/2018 8:33:13 AM - Found 'C:\PROGRAM FILES (X86)\MICROSOFT VISUAL STUDIO\2017\COMMUNITY\COMMON7\IDE\EXTENSIONS\TestWindow.Dotnet\extension.vsixmanifest'
4/26/2018 8:33:13 AM - Found 'C:\PROGRAM FILES (X86)\MICROSOFT VISUAL STUDIO\2017\COMMUNITY\COMMON7\IDE\EXTENSIONS\TestPlatform\extension.vsixmanifest'
4/26/2018 8:33:13 AM - Found 'C:\PROGRAM FILES (X86)\MICROSOFT VISUAL STUDIO\2017\COMMUNITY\COMMON7\IDE\EXTENSIONS\rcvpkyph.vvt\extension.vsixmanifest'
4/26/2018 8:33:13 AM - Found 'C:\PROGRAM FILES (X86)\MICROSOFT VISUAL STUDIO\2017\COMMUNITY\COMMON7\IDE\EXTENSIONS\qfoazlwn.5pb\extension.vsixmanifest'
4/26/2018 8:33:13 AM - Found 'C:\PROGRAM FILES (X86)\MICROSOFT VISUAL STUDIO\2017\COMMUNITY\COMMON7\IDE\EXTENSIONS\qbrnip5h.ku5\extension.vsixmanifest'
4/26/2018 8:33:13 AM - Found 'C:\PROGRAM FILES (X86)\MICROSOFT VISUAL STUDIO\2017\COMMUNITY\COMMON7\IDE\EXTENSIONS\pz5oehdy.vux\extension.vsixmanifest'
4/26/2018 8:33:13 AM - Found 'C:\PROGRAM FILES (X86)\MICROSOFT VISUAL STUDIO\2017\COMMUNITY\COMMON7\IDE\EXTENSIONS\pkbe2tze.mx2\extension.vsixmanifest'
4/26/2018 8:33:13 AM - Found 'C:\PROGRAM FILES (X86)\MICROSOFT VISUAL STUDIO\2017\COMMUNITY\COMMON7\IDE\EXTENSIONS\mup0kokd.4o1\extension.vsixmanifest'
4/26/2018 8:33:13 AM - Found 'C:\PROGRAM FILES (X86)\MICROSOFT VISUAL STUDIO\2017\COMMUNITY\COMMON7\IDE\EXTENSIONS\Microsoft\Windows Azure Tools Diagnostics\extension.vsixmanifest'
4/26/2018 8:33:13 AM - Found 'C:\PROGRAM FILES (X86)\MICROSOFT VISUAL STUDIO\2017\COMMUNITY\COMMON7\IDE\EXTENSIONS\Microsoft\Windows Azure Tools\extension.vsixmanifest'
4/26/2018 8:33:13 AM - Found 'C:\PROGRAM FILES (X86)\MICROSOFT VISUAL STUDIO\2017\COMMUNITY\COMMON7\IDE\EXTENSIONS\Microsoft\Windows Azure Tools\Resource Manager\extension.vsixmanifest'
4/26/2018 8:33:13 AM - Found 'C:\PROGRAM FILES (X86)\MICROSOFT VISUAL STUDIO\2017\COMMUNITY\COMMON7\IDE\EXTENSIONS\Microsoft\Windows Azure Tools\RemoteDebugger2.2CTP\extension.vsixmanifest'
4/26/2018 8:33:13 AM - Found 'C:\PROGRAM FILES (X86)\MICROSOFT VISUAL STUDIO\2017\COMMUNITY\COMMON7\IDE\EXTENSIONS\Microsoft\Windows Azure Tools\RemoteDebugger\extension.vsixmanifest'
4/26/2018 8:33:13 AM - Found 'C:\PROGRAM FILES (X86)\MICROSOFT VISUAL STUDIO\2017\COMMUNITY\COMMON7\IDE\EXTENSIONS\Microsoft\Windows Azure Tools\Deployment Project\extension.vsixmanifest'
4/26/2018 8:33:13 AM - Found 'C:\PROGRAM FILES (X86)\MICROSOFT VISUAL STUDIO\2017\COMMUNITY\COMMON7\IDE\EXTENSIONS\Microsoft\Windows Azure Tools\Common\extension.vsixmanifest'
4/26/2018 8:33:13 AM - Found 'C:\PROGRAM FILES (X86)\MICROSOFT VISUAL STUDIO\2017\COMMUNITY\COMMON7\IDE\EXTENSIONS\Microsoft\Windows Azure Tools\Cloud Explorer\extension.vsixmanifest'
4/26/2018 8:33:13 AM - Found 'C:\PROGRAM FILES (X86)\MICROSOFT VISUAL STUDIO\2017\COMMUNITY\COMMON7\IDE\EXTENSIONS\Microsoft\Web Tools Azure\extension.vsixmanifest'
4/26/2018 8:33:13 AM - Found 'C:\PROGRAM FILES (X86)\MICROSOFT VISUAL STUDIO\2017\COMMUNITY\COMMON7\IDE\EXTENSIONS\Microsoft\Web Tools Azure\WebJobs\extension.vsixmanifest'
4/26/2018 8:33:13 AM - Found 'C:\PROGRAM FILES (X86)\MICROSOFT VISUAL STUDIO\2017\COMMUNITY\COMMON7\IDE\EXTENSIONS\Microsoft\Web Tools\extension.vsixmanifest'
4/26/2018 8:33:13 AM - Found 'C:\PROGRAM FILES (X86)\MICROSOFT VISUAL STUDIO\2017\COMMUNITY\COMMON7\IDE\EXTENSIONS\Microsoft\Web\Mvc\extension.vsixmanifest'
4/26/2018 8:33:13 AM - Found 'C:\PROGRAM FILES (X86)\MICROSOFT VISUAL STUDIO\2017\COMMUNITY\COMMON7\IDE\EXTENSIONS\Microsoft\Web\Mvc\Scaffolding\extension.vsixmanifest'
4/26/2018 8:33:13 AM - Found 'C:\PROGRAM FILES (X86)\MICROSOFT VISUAL STUDIO\2017\COMMUNITY\COMMON7\IDE\EXTENSIONS\Microsoft\WCF Connected Service\extension.vsixmanifest'
4/26/2018 8:33:13 AM - Found 'C:\PROGRAM FILES (X86)\MICROSOFT VISUAL STUDIO\2017\COMMUNITY\COMMON7\IDE\EXTENSIONS\Microsoft\Visual Studio MPF\14.0\extension.vsixmanifest'
4/26/2018 8:33:13 AM - Found 'C:\PROGRAM FILES (X86)\MICROSOFT VISUAL STUDIO\2017\COMMUNITY\COMMON7\IDE\EXTENSIONS\Microsoft\Visual Studio MPF\12.0\extension.vsixmanifest'
4/26/2018 8:33:13 AM - Found 'C:\PROGRAM FILES (X86)\MICROSOFT VISUAL STUDIO\2017\COMMUNITY\COMMON7\IDE\EXTENSIONS\Microsoft\Visual Studio MPF\11.0\extension.vsixmanifest'
4/26/2018 8:33:13 AM - Found 'C:\PROGRAM FILES (X86)\MICROSOFT VISUAL STUDIO\2017\COMMUNITY\COMMON7\IDE\EXTENSIONS\Microsoft\Visual Studio MPF\10.0\extension.vsixmanifest'
4/26/2018 8:33:13 AM - Found 'C:\PROGRAM FILES (X86)\MICROSOFT VISUAL STUDIO\2017\COMMUNITY\COMMON7\IDE\EXTENSIONS\Microsoft\Unit Test Explorer\TestWIExtension\extension.vsixmanifest'
4/26/2018 8:33:13 AM - Found 'C:\PROGRAM FILES (X86)\MICROSOFT VISUAL STUDIO\2017\COMMUNITY\COMMON7\IDE\EXTENSIONS\Microsoft\TemplateEngine\extension.vsixmanifest'
4/26/2018 8:33:13 AM - Found 'C:\PROGRAM FILES (X86)\MICROSOFT VISUAL STUDIO\2017\COMMUNITY\COMMON7\IDE\EXTENSIONS\Microsoft\SQLEditor\Vsix\extension.vsixmanifest'
4/26/2018 8:33:13 AM - Found 'C:\PROGRAM FILES (X86)\MICROSOFT VISUAL STUDIO\2017\COMMUNITY\COMMON7\IDE\EXTENSIONS\Microsoft\SQLDB\Vsix\extension.vsixmanifest'
4/26/2018 8:33:13 AM - Found 'C:\PROGRAM FILES (X86)\MICROSOFT VISUAL STUDIO\2017\COMMUNITY\COMMON7\IDE\EXTENSIONS\Microsoft\SQLDB\SSDTUpdate\extension.vsixmanifest'
4/26/2018 8:33:13 AM - Found 'C:\PROGRAM FILES (X86)\MICROSOFT VISUAL STUDIO\2017\COMMUNITY\COMMON7\IDE\EXTENSIONS\Microsoft\Publish\extension.vsixmanifest'
4/26/2018 8:33:13 AM - Found 'C:\PROGRAM FILES (X86)\MICROSOFT VISUAL STUDIO\2017\COMMUNITY\COMMON7\IDE\EXTENSIONS\Microsoft\Portable Library Tools\extension.vsixmanifest'
4/26/2018 8:33:13 AM - Found 'C:\PROGRAM FILES (X86)\MICROSOFT VISUAL STUDIO\2017\COMMUNITY\COMMON7\IDE\EXTENSIONS\Microsoft\Modeling\15.0\extension.vsixmanifest'
4/26/2018 8:33:13 AM - Found 'C:\PROGRAM FILES (X86)\MICROSOFT VISUAL STUDIO\2017\COMMUNITY\COMMON7\IDE\EXTENSIONS\Microsoft\Microsoft Office 365 Connected Service\extension.vsixmanifest'
4/26/2018 8:33:13 AM - Found 'C:\PROGRAM FILES (X86)\MICROSOFT VISUAL STUDIO\2017\COMMUNITY\COMMON7\IDE\EXTENSIONS\Microsoft\ManagedProjectSystem\extension.vsixmanifest'
4/26/2018 8:33:13 AM - Found 'C:\PROGRAM FILES (X86)\MICROSOFT VISUAL STUDIO\2017\COMMUNITY\COMMON7\IDE\EXTENSIONS\Microsoft\ADL Tools\2.2.9000.1\extension.vsixmanifest'
4/26/2018 8:33:13 AM - Found 'C:\PROGRAM FILES (X86)\MICROSOFT VISUAL STUDIO\2017\COMMUNITY\COMMON7\IDE\EXTENSIONS\merj5da2.fn5\extension.vsixmanifest'
4/26/2018 8:33:13 AM - Found 'C:\PROGRAM FILES (X86)\MICROSOFT VISUAL STUDIO\2017\COMMUNITY\COMMON7\IDE\EXTENSIONS\jdlbneos.lgl\extension.vsixmanifest'
4/26/2018 8:33:13 AM - Found 'C:\PROGRAM FILES (X86)\MICROSOFT VISUAL STUDIO\2017\COMMUNITY\COMMON7\IDE\EXTENSIONS\jdjt0rah.ueu\extension.vsixmanifest'
4/26/2018 8:33:13 AM - Found 'C:\PROGRAM FILES (X86)\MICROSOFT VISUAL STUDIO\2017\COMMUNITY\COMMON7\IDE\EXTENSIONS\hpss3tvh.p2z\extension.vsixmanifest'
4/26/2018 8:33:13 AM - Found 'C:\PROGRAM FILES (X86)\MICROSOFT VISUAL STUDIO\2017\COMMUNITY\COMMON7\IDE\EXTENSIONS\himseubd.2ac\extension.vsixmanifest'
4/26/2018 8:33:13 AM - Found 'C:\PROGRAM FILES (X86)\MICROSOFT VISUAL STUDIO\2017\COMMUNITY\COMMON7\IDE\EXTENSIONS\f3nllspg.au1\extension.vsixmanifest'
4/26/2018 8:33:13 AM - Found 'C:\PROGRAM FILES (X86)\MICROSOFT VISUAL STUDIO\2017\COMMUNITY\COMMON7\IDE\EXTENSIONS\cu0ny0ts.u4t\extension.vsixmanifest'
4/26/2018 8:33:13 AM - Found 'C:\PROGRAM FILES (X86)\MICROSOFT VISUAL STUDIO\2017\COMMUNITY\COMMON7\IDE\EXTENSIONS\5ywcrdel.n1q\extension.vsixmanifest'
4/26/2018 8:33:13 AM - Found 'C:\PROGRAM FILES (X86)\MICROSOFT VISUAL STUDIO\2017\COMMUNITY\COMMON7\IDE\EXTENSIONS\4ccmtegz.rck\extension.vsixmanifest'
4/26/2018 8:33:13 AM - Found 'C:\PROGRAM FILES (X86)\MICROSOFT VISUAL STUDIO\2017\COMMUNITY\COMMON7\IDE\EXTENSIONS\3iyptjjr.dk4\extension.vsixmanifest'
4/26/2018 8:33:13 AM - Found 'C:\PROGRAM FILES (X86)\MICROSOFT VISUAL STUDIO\2017\COMMUNITY\COMMON7\IDE\EXTENSIONS\001ss942.rgs\extension.vsixmanifest'
4/26/2018 8:33:13 AM - Capping recursion at 5 directories in each extension root due to 'default limit'.
4/26/2018 8:33:13 AM - Found 'C:\PROGRAM FILES (X86)\MICROSOFT VISUAL STUDIO\2017\COMMUNITY\COMMON7\IDE\COMMONEXTENSIONS\Platform\Visual Studio MPF\15.0\extension.vsixmanifest'
4/26/2018 8:33:13 AM - Found 'C:\PROGRAM FILES (X86)\MICROSOFT VISUAL STUDIO\2017\COMMUNITY\COMMON7\IDE\COMMONEXTENSIONS\Platform\TreeNavigation\extension.vsixmanifest'
4/26/2018 8:33:13 AM - Found 'C:\PROGRAM FILES (X86)\MICROSOFT VISUAL STUDIO\2017\COMMUNITY\COMMON7\IDE\COMMONEXTENSIONS\Platform\TreeNavigation\GraphProvider\extension.vsixmanifest'
4/26/2018 8:33:13 AM - Found 'C:\PROGRAM FILES (X86)\MICROSOFT VISUAL STUDIO\2017\COMMUNITY\COMMON7\IDE\COMMONEXTENSIONS\Platform\Shell\extension.vsixmanifest'
4/26/2018 8:33:13 AM - Found 'C:\PROGRAM FILES (X86)\MICROSOFT VISUAL STUDIO\2017\COMMUNITY\COMMON7\IDE\COMMONEXTENSIONS\Platform\PerfMarkers\extension.vsixmanifest'
4/26/2018 8:33:13 AM - Found 'C:\PROGRAM FILES (X86)\MICROSOFT VISUAL STUDIO\2017\COMMUNITY\COMMON7\IDE\COMMONEXTENSIONS\Platform\ParallelDebugger\extension.vsixmanifest'
4/26/2018 8:33:13 AM - Found 'C:\PROGRAM FILES (X86)\MICROSOFT VISUAL STUDIO\2017\COMMUNITY\COMMON7\IDE\COMMONEXTENSIONS\Platform\NavigateTo\extension.vsixmanifest'
4/26/2018 8:33:13 AM - Found 'C:\PROGRAM FILES (X86)\MICROSOFT VISUAL STUDIO\2017\COMMUNITY\COMMON7\IDE\COMMONEXTENSIONS\Platform\NavigateTo\FileProvider\extension.vsixmanifest'
4/26/2018 8:33:13 AM - Found 'C:\PROGRAM FILES (X86)\MICROSOFT VISUAL STUDIO\2017\COMMUNITY\COMMON7\IDE\COMMONEXTENSIONS\Platform\DiagnosticsHub\extension.vsixmanifest'
4/26/2018 8:33:13 AM - Found 'C:\PROGRAM FILES (X86)\MICROSOFT VISUAL STUDIO\2017\COMMUNITY\COMMON7\IDE\COMMONEXTENSIONS\Platform\Debugger\extension.vsixmanifest'
4/26/2018 8:33:13 AM - Found 'C:\PROGRAM FILES (X86)\MICROSOFT VISUAL STUDIO\2017\COMMUNITY\COMMON7\IDE\COMMONEXTENSIONS\Platform\CPUSampling\extension.vsixmanifest'
4/26/2018 8:33:13 AM - Found 'C:\PROGRAM FILES (X86)\MICROSOFT VISUAL STUDIO\2017\COMMUNITY\COMMON7\IDE\COMMONEXTENSIONS\Microsoft\XamlLanguageService\extension.vsixmanifest'
4/26/2018 8:33:13 AM - Found 'C:\PROGRAM FILES (X86)\MICROSOFT VISUAL STUDIO\2017\COMMUNITY\COMMON7\IDE\COMMONEXTENSIONS\Microsoft\XamlDiagnostics\extension.vsixmanifest'
4/26/2018 8:33:13 AM - Found 'C:\PROGRAM FILES (X86)\MICROSOFT VISUAL STUDIO\2017\COMMUNITY\COMMON7\IDE\COMMONEXTENSIONS\Microsoft\WebClient\Language Service\extension.vsixmanifest'
4/26/2018 8:33:13 AM - Found 'C:\PROGRAM FILES (X86)\MICROSOFT VISUAL STUDIO\2017\COMMUNITY\COMMON7\IDE\COMMONEXTENSIONS\Microsoft\WebClient\Diagnostics\WebDiagnosticsAttach\extension.vsixmanifest'
4/26/2018 8:33:13 AM - Found 'C:\PROGRAM FILES (X86)\MICROSOFT VISUAL STUDIO\2017\COMMUNITY\COMMON7\IDE\COMMONEXTENSIONS\Microsoft\WebClient\Diagnostics\ToolWindows\extension.vsixmanifest'
4/26/2018 8:33:13 AM - Found 'C:\PROGRAM FILES (X86)\MICROSOFT VISUAL STUDIO\2017\COMMUNITY\COMMON7\IDE\COMMONEXTENSIONS\Microsoft\Web\Razor\v3.0\extension.vsixmanifest'
4/26/2018 8:33:13 AM - Found 'C:\PROGRAM FILES (X86)\MICROSOFT VISUAL STUDIO\2017\COMMUNITY\COMMON7\IDE\COMMONEXTENSIONS\Microsoft\Web\Exports\extension.vsixmanifest'
4/26/2018 8:33:13 AM - Found 'C:\PROGRAM FILES (X86)\MICROSOFT VISUAL STUDIO\2017\COMMUNITY\COMMON7\IDE\COMMONEXTENSIONS\Microsoft\Web\ASPX\extension.vsixmanifest'
4/26/2018 8:33:13 AM - Found 'C:\PROGRAM FILES (X86)\MICROSOFT VISUAL STUDIO\2017\COMMUNITY\COMMON7\IDE\COMMONEXTENSIONS\Microsoft\VisualStudio\Editors\extension.vsixmanifest'
4/26/2018 8:33:13 AM - Found 'C:\PROGRAM FILES (X86)\MICROSOFT VISUAL STUDIO\2017\COMMUNITY\COMMON7\IDE\COMMONEXTENSIONS\Microsoft\TypeScript\extension.vsixmanifest'
4/26/2018 8:33:13 AM - Found 'C:\PROGRAM FILES (X86)\MICROSOFT VISUAL STUDIO\2017\COMMUNITY\COMMON7\IDE\COMMONEXTENSIONS\Microsoft\TextMate\extension.vsixmanifest'
4/26/2018 8:33:13 AM - Found 'C:\PROGRAM FILES (X86)\MICROSOFT VISUAL STUDIO\2017\COMMUNITY\COMMON7\IDE\COMMONEXTENSIONS\Microsoft\TestWindow\extension.vsixmanifest'
4/26/2018 8:33:13 AM - Found 'C:\PROGRAM FILES (X86)\MICROSOFT VISUAL STUDIO\2017\COMMUNITY\COMMON7\IDE\COMMONEXTENSIONS\Microsoft\TemplateProviders\extension.vsixmanifest'
4/26/2018 8:33:13 AM - Found 'C:\PROGRAM FILES (X86)\MICROSOFT VISUAL STUDIO\2017\COMMUNITY\COMMON7\IDE\COMMONEXTENSIONS\Microsoft\TeamFoundation\Team Explorer\extension.vsixmanifest'
4/26/2018 8:33:13 AM - Found 'C:\PROGRAM FILES (X86)\MICROSOFT VISUAL STUDIO\2017\COMMUNITY\COMMON7\IDE\COMMONEXTENSIONS\Microsoft\ReferenceManager\extension.vsixmanifest'
4/26/2018 8:33:13 AM - Found 'C:\PROGRAM FILES (X86)\MICROSOFT VISUAL STUDIO\2017\COMMUNITY\COMMON7\IDE\COMMONEXTENSIONS\Microsoft\RazorLanguageServices\extension.vsixmanifest'
4/26/2018 8:33:13 AM - Found 'C:\PROGRAM FILES (X86)\MICROSOFT VISUAL STUDIO\2017\COMMUNITY\COMMON7\IDE\COMMONEXTENSIONS\Microsoft\ProjectServices\extension.vsixmanifest'
4/26/2018 8:33:13 AM - Found 'C:\PROGRAM FILES (X86)\MICROSOFT VISUAL STUDIO\2017\COMMUNITY\COMMON7\IDE\COMMONEXTENSIONS\Microsoft\Project\extension.vsixmanifest'
4/26/2018 8:33:13 AM - Found 'C:\PROGRAM FILES (X86)\MICROSOFT VISUAL STUDIO\2017\COMMUNITY\COMMON7\IDE\COMMONEXTENSIONS\Microsoft\ProductUpdate\extension.vsixmanifest'
4/26/2018 8:33:13 AM - Found 'C:\PROGRAM FILES (X86)\MICROSOFT VISUAL STUDIO\2017\COMMUNITY\COMMON7\IDE\COMMONEXTENSIONS\Microsoft\Performance Tools\extension.vsixmanifest'
4/26/2018 8:33:13 AM - Found 'C:\PROGRAM FILES (X86)\MICROSOFT VISUAL STUDIO\2017\COMMUNITY\COMMON7\IDE\COMMONEXTENSIONS\Microsoft\OpenFolder\extension.vsixmanifest'
4/26/2018 8:33:13 AM - Found 'C:\PROGRAM FILES (X86)\MICROSOFT VISUAL STUDIO\2017\COMMUNITY\COMMON7\IDE\COMMONEXTENSIONS\Microsoft\NuGet\extension.vsixmanifest'
4/26/2018 8:33:13 AM - Found 'C:\PROGRAM FILES (X86)\MICROSOFT VISUAL STUDIO\2017\COMMUNITY\COMMON7\IDE\COMMONEXTENSIONS\Microsoft\ManagedLanguages\VBCSharp\SourceBasedTestDiscovery\extension.vsixmanifest'
4/26/2018 8:33:13 AM - Found 'C:\PROGRAM FILES (X86)\MICROSOFT VISUAL STUDIO\2017\COMMUNITY\COMMON7\IDE\COMMONEXTENSIONS\Microsoft\ManagedLanguages\VBCSharp\LanguageServicesNext\extension.vsixmanifest'
4/26/2018 8:33:13 AM - Found 'C:\PROGRAM FILES (X86)\MICROSOFT VISUAL STUDIO\2017\COMMUNITY\COMMON7\IDE\COMMONEXTENSIONS\Microsoft\ManagedLanguages\VBCSharp\LanguageServices\extension.vsixmanifest'
4/26/2018 8:33:13 AM - Found 'C:\PROGRAM FILES (X86)\MICROSOFT VISUAL STUDIO\2017\COMMUNITY\COMMON7\IDE\COMMONEXTENSIONS\Microsoft\ManagedLanguages\VBCSharp\InteractiveComponents\extension.vsixmanifest'
4/26/2018 8:33:13 AM - Found 'C:\PROGRAM FILES (X86)\MICROSOFT VISUAL STUDIO\2017\COMMUNITY\COMMON7\IDE\COMMONEXTENSIONS\Microsoft\ManagedLanguages\VBCSharp\ExpressionEvaluators\extension.vsixmanifest'
4/26/2018 8:33:13 AM - Found 'C:\PROGRAM FILES (X86)\MICROSOFT VISUAL STUDIO\2017\COMMUNITY\COMMON7\IDE\COMMONEXTENSIONS\Microsoft\Language\GenerateType\extension.vsixmanifest'
4/26/2018 8:33:13 AM - Found 'C:\PROGRAM FILES (X86)\MICROSOFT VISUAL STUDIO\2017\COMMUNITY\COMMON7\IDE\COMMONEXTENSIONS\Microsoft\Language\CallHierarchy\extension.vsixmanifest'
4/26/2018 8:33:13 AM - Found 'C:\PROGRAM FILES (X86)\MICROSOFT VISUAL STUDIO\2017\COMMUNITY\COMMON7\IDE\COMMONEXTENSIONS\Microsoft\InteractiveWindow\extension.vsixmanifest'
4/26/2018 8:33:13 AM - Found 'C:\PROGRAM FILES (X86)\MICROSOFT VISUAL STUDIO\2017\COMMUNITY\COMMON7\IDE\COMMONEXTENSIONS\Microsoft\FSharp\extension.vsixmanifest'
4/26/2018 8:33:13 AM - Found 'C:\PROGRAM FILES (X86)\MICROSOFT VISUAL STUDIO\2017\COMMUNITY\COMMON7\IDE\COMMONEXTENSIONS\Microsoft\ExtensionManager\ServiceModule\extension.vsixmanifest'
4/26/2018 8:33:13 AM - Found 'C:\PROGRAM FILES (X86)\MICROSOFT VISUAL STUDIO\2017\COMMUNITY\COMMON7\IDE\COMMONEXTENSIONS\Microsoft\ErrorList\extension.vsixmanifest'
4/26/2018 8:33:13 AM - Found 'C:\PROGRAM FILES (X86)\MICROSOFT VISUAL STUDIO\2017\COMMUNITY\COMMON7\IDE\COMMONEXTENSIONS\Microsoft\Editor\extension.vsixmanifest'
4/26/2018 8:33:13 AM - Found 'C:\PROGRAM FILES (X86)\MICROSOFT VISUAL STUDIO\2017\COMMUNITY\COMMON7\IDE\COMMONEXTENSIONS\Microsoft\Diff\extension.vsixmanifest'
4/26/2018 8:33:13 AM - Found 'C:\PROGRAM FILES (X86)\MICROSOFT VISUAL STUDIO\2017\COMMUNITY\COMMON7\IDE\COMMONEXTENSIONS\Microsoft\DesignTools\extension.vsixmanifest'
4/26/2018 8:33:13 AM - Found 'C:\PROGRAM FILES (X86)\MICROSOFT VISUAL STUDIO\2017\COMMUNITY\COMMON7\IDE\COMMONEXTENSIONS\Microsoft\CodingConventions\extension.vsixmanifest'
4/26/2018 8:33:13 AM - Found 'C:\PROGRAM FILES (X86)\MICROSOFT VISUAL STUDIO\2017\COMMUNITY\COMMON7\IDE\COMMONEXTENSIONS\Microsoft\CodeAnalysis\extension.vsixmanifest'
4/26/2018 8:33:13 AM - Found 'C:\PROGRAM FILES (X86)\MICROSOFT VISUAL STUDIO\2017\COMMUNITY\COMMON7\IDE\COMMONEXTENSIONS\Microsoft\ClientDiagnostics\extension.vsixmanifest'
4/26/2018 8:33:13 AM - Found 'C:\PROGRAM FILES (X86)\MICROSOFT VISUAL STUDIO\2017\COMMUNITY\COMMON7\IDE\COMMONEXTENSIONS\Microsoft\ClientDiagnostics\AppResponsiveness\extension.vsixmanifest'
4/26/2018 8:33:13 AM - Found 'C:\PROGRAM FILES (X86)\MICROSOFT VISUAL STUDIO\2017\COMMUNITY\COMMON7\IDE\COMMONEXTENSIONS\Microsoft\Architecture Tools\Providers\Solution\extension.vsixmanifest'
4/26/2018 8:33:13 AM - Found 'C:\PROGRAM FILES (X86)\MICROSOFT VISUAL STUDIO\2017\COMMUNITY\COMMON7\IDE\COMMONEXTENSIONS\Microsoft\Architecture Tools\Providers\ManagedProvider\extension.vsixmanifest'
4/26/2018 8:33:13 AM - Found 'C:\PROGRAM FILES (X86)\MICROSOFT VISUAL STUDIO\2017\COMMUNITY\COMMON7\IDE\COMMONEXTENSIONS\Microsoft\Architecture Tools\GraphProviderPackage\extension.vsixmanifest'
4/26/2018 8:33:13 AM - Found 'C:\PROGRAM FILES (X86)\MICROSOFT VISUAL STUDIO\2017\COMMUNITY\COMMON7\IDE\COMMONEXTENSIONS\DataDesign\extension.vsixmanifest'
4/26/2018 8:33:13 AM - Capping recursion at 5 directories in each extension root due to 'default limit'.
4/26/2018 8:33:13 AM - Skipping 'C:\Program Files (x86)\Common Files\Microsoft\ExtensionManager\Extensions' as it doesn't exist
4/26/2018 8:33:14 AM - Skipping 'C:\Users\Sharon\AppData\Local\Microsoft SDKs' as it doesn't exist
4/26/2018 8:33:14 AM - The extension with ID 'WindowsIoTCoreTemplatesDev15..d31f6474-cb78-4cbe-ae6a-15847344e1ba' is not installed to Visual Studio Community 2017.
4/26/2018 8:34:24 AM - The following target products have been selected...
4/26/2018 8:34:24 AM - 	Visual Studio Community 2017
4/26/2018 8:34:24 AM - 
4/26/2018 8:34:24 AM - Capping recursion at 5 directories in each extension root due to 'default limit'.
4/26/2018 8:34:24 AM - Found 'C:\PROGRAM FILES (X86)\MICROSOFT VISUAL STUDIO\2017\COMMUNITY\COMMON7\IDE\EXTENSIONS\zwev2qj2.ge2\extension.vsixmanifest'
4/26/2018 8:34:24 AM - Found 'C:\PROGRAM FILES (X86)\MICROSOFT VISUAL STUDIO\2017\COMMUNITY\COMMON7\IDE\EXTENSIONS\zh5j5cxx.njy\extension.vsixmanifest'
4/26/2018 8:34:24 AM - Found 'C:\PROGRAM FILES (X86)\MICROSOFT VISUAL STUDIO\2017\COMMUNITY\COMMON7\IDE\EXTENSIONS\ydj4uihq.gm2\extension.vsixmanifest'
4/26/2018 8:34:24 AM - Found 'C:\PROGRAM FILES (X86)\MICROSOFT VISUAL STUDIO\2017\COMMUNITY\COMMON7\IDE\EXTENSIONS\y3fpakcy.5tk\extension.vsixmanifest'
4/26/2018 8:34:24 AM - Found 'C:\PROGRAM FILES (X86)\MICROSOFT VISUAL STUDIO\2017\COMMUNITY\COMMON7\IDE\EXTENSIONS\w2hffw13.12q\extension.vsixmanifest'
4/26/2018 8:34:24 AM - Found 'C:\PROGRAM FILES (X86)\MICROSOFT VISUAL STUDIO\2017\COMMUNITY\COMMON7\IDE\EXTENSIONS\v52db5p5.grt\extension.vsixmanifest'
4/26/2018 8:34:24 AM - Found 'C:\PROGRAM FILES (X86)\MICROSOFT VISUAL STUDIO\2017\COMMUNITY\COMMON7\IDE\EXTENSIONS\twyvqm04.nd1\extension.vsixmanifest'
4/26/2018 8:34:24 AM - Found 'C:\PROGRAM FILES (X86)\MICROSOFT VISUAL STUDIO\2017\COMMUNITY\COMMON7\IDE\EXTENSIONS\tn0kyrcu.t01\extension.vsixmanifest'
4/26/2018 8:34:24 AM - Found 'C:\PROGRAM FILES (X86)\MICROSOFT VISUAL STUDIO\2017\COMMUNITY\COMMON7\IDE\EXTENSIONS\TestWindow.Dotnet\extension.vsixmanifest'
4/26/2018 8:34:24 AM - Found 'C:\PROGRAM FILES (X86)\MICROSOFT VISUAL STUDIO\2017\COMMUNITY\COMMON7\IDE\EXTENSIONS\TestPlatform\extension.vsixmanifest'
4/26/2018 8:34:24 AM - Found 'C:\PROGRAM FILES (X86)\MICROSOFT VISUAL STUDIO\2017\COMMUNITY\COMMON7\IDE\EXTENSIONS\rcvpkyph.vvt\extension.vsixmanifest'
4/26/2018 8:34:24 AM - Found 'C:\PROGRAM FILES (X86)\MICROSOFT VISUAL STUDIO\2017\COMMUNITY\COMMON7\IDE\EXTENSIONS\qfoazlwn.5pb\extension.vsixmanifest'
4/26/2018 8:34:24 AM - Found 'C:\PROGRAM FILES (X86)\MICROSOFT VISUAL STUDIO\2017\COMMUNITY\COMMON7\IDE\EXTENSIONS\qbrnip5h.ku5\extension.vsixmanifest'
4/26/2018 8:34:24 AM - Found 'C:\PROGRAM FILES (X86)\MICROSOFT VISUAL STUDIO\2017\COMMUNITY\COMMON7\IDE\EXTENSIONS\pz5oehdy.vux\extension.vsixmanifest'
4/26/2018 8:34:24 AM - Found 'C:\PROGRAM FILES (X86)\MICROSOFT VISUAL STUDIO\2017\COMMUNITY\COMMON7\IDE\EXTENSIONS\pkbe2tze.mx2\extension.vsixmanifest'
4/26/2018 8:34:24 AM - Found 'C:\PROGRAM FILES (X86)\MICROSOFT VISUAL STUDIO\2017\COMMUNITY\COMMON7\IDE\EXTENSIONS\mup0kokd.4o1\extension.vsixmanifest'
4/26/2018 8:34:24 AM - Found 'C:\PROGRAM FILES (X86)\MICROSOFT VISUAL STUDIO\2017\COMMUNITY\COMMON7\IDE\EXTENSIONS\Microsoft\Windows Azure Tools Diagnostics\extension.vsixmanifest'
4/26/2018 8:34:24 AM - Found 'C:\PROGRAM FILES (X86)\MICROSOFT VISUAL STUDIO\2017\COMMUNITY\COMMON7\IDE\EXTENSIONS\Microsoft\Windows Azure Tools\extension.vsixmanifest'
4/26/2018 8:34:24 AM - Found 'C:\PROGRAM FILES (X86)\MICROSOFT VISUAL STUDIO\2017\COMMUNITY\COMMON7\IDE\EXTENSIONS\Microsoft\Windows Azure Tools\Resource Manager\extension.vsixmanifest'
4/26/2018 8:34:24 AM - Found 'C:\PROGRAM FILES (X86)\MICROSOFT VISUAL STUDIO\2017\COMMUNITY\COMMON7\IDE\EXTENSIONS\Microsoft\Windows Azure Tools\RemoteDebugger2.2CTP\extension.vsixmanifest'
4/26/2018 8:34:24 AM - Found 'C:\PROGRAM FILES (X86)\MICROSOFT VISUAL STUDIO\2017\COMMUNITY\COMMON7\IDE\EXTENSIONS\Microsoft\Windows Azure Tools\RemoteDebugger\extension.vsixmanifest'
4/26/2018 8:34:24 AM - Found 'C:\PROGRAM FILES (X86)\MICROSOFT VISUAL STUDIO\2017\COMMUNITY\COMMON7\IDE\EXTENSIONS\Microsoft\Windows Azure Tools\Deployment Project\extension.vsixmanifest'
4/26/2018 8:34:24 AM - Found 'C:\PROGRAM FILES (X86)\MICROSOFT VISUAL STUDIO\2017\COMMUNITY\COMMON7\IDE\EXTENSIONS\Microsoft\Windows Azure Tools\Common\extension.vsixmanifest'
4/26/2018 8:34:24 AM - Found 'C:\PROGRAM FILES (X86)\MICROSOFT VISUAL STUDIO\2017\COMMUNITY\COMMON7\IDE\EXTENSIONS\Microsoft\Windows Azure Tools\Cloud Explorer\extension.vsixmanifest'
4/26/2018 8:34:24 AM - Found 'C:\PROGRAM FILES (X86)\MICROSOFT VISUAL STUDIO\2017\COMMUNITY\COMMON7\IDE\EXTENSIONS\Microsoft\Web Tools Azure\extension.vsixmanifest'
4/26/2018 8:34:24 AM - Found 'C:\PROGRAM FILES (X86)\MICROSOFT VISUAL STUDIO\2017\COMMUNITY\COMMON7\IDE\EXTENSIONS\Microsoft\Web Tools Azure\WebJobs\extension.vsixmanifest'
4/26/2018 8:34:24 AM - Found 'C:\PROGRAM FILES (X86)\MICROSOFT VISUAL STUDIO\2017\COMMUNITY\COMMON7\IDE\EXTENSIONS\Microsoft\Web Tools\extension.vsixmanifest'
4/26/2018 8:34:25 AM - Found 'C:\PROGRAM FILES (X86)\MICROSOFT VISUAL STUDIO\2017\COMMUNITY\COMMON7\IDE\EXTENSIONS\Microsoft\Web\Mvc\extension.vsixmanifest'
4/26/2018 8:34:25 AM - Found 'C:\PROGRAM FILES (X86)\MICROSOFT VISUAL STUDIO\2017\COMMUNITY\COMMON7\IDE\EXTENSIONS\Microsoft\Web\Mvc\Scaffolding\extension.vsixmanifest'
4/26/2018 8:34:25 AM - Found 'C:\PROGRAM FILES (X86)\MICROSOFT VISUAL STUDIO\2017\COMMUNITY\COMMON7\IDE\EXTENSIONS\Microsoft\WCF Connected Service\extension.vsixmanifest'
4/26/2018 8:34:25 AM - Found 'C:\PROGRAM FILES (X86)\MICROSOFT VISUAL STUDIO\2017\COMMUNITY\COMMON7\IDE\EXTENSIONS\Microsoft\Visual Studio MPF\14.0\extension.vsixmanifest'
4/26/2018 8:34:25 AM - Found 'C:\PROGRAM FILES (X86)\MICROSOFT VISUAL STUDIO\2017\COMMUNITY\COMMON7\IDE\EXTENSIONS\Microsoft\Visual Studio MPF\12.0\extension.vsixmanifest'
4/26/2018 8:34:25 AM - Found 'C:\PROGRAM FILES (X86)\MICROSOFT VISUAL STUDIO\2017\COMMUNITY\COMMON7\IDE\EXTENSIONS\Microsoft\Visual Studio MPF\11.0\extension.vsixmanifest'
4/26/2018 8:34:25 AM - Found 'C:\PROGRAM FILES (X86)\MICROSOFT VISUAL STUDIO\2017\COMMUNITY\COMMON7\IDE\EXTENSIONS\Microsoft\Visual Studio MPF\10.0\extension.vsixmanifest'
4/26/2018 8:34:25 AM - Found 'C:\PROGRAM FILES (X86)\MICROSOFT VISUAL STUDIO\2017\COMMUNITY\COMMON7\IDE\EXTENSIONS\Microsoft\Unit Test Explorer\TestWIExtension\extension.vsixmanifest'
4/26/2018 8:34:25 AM - Found 'C:\PROGRAM FILES (X86)\MICROSOFT VISUAL STUDIO\2017\COMMUNITY\COMMON7\IDE\EXTENSIONS\Microsoft\TemplateEngine\extension.vsixmanifest'
4/26/2018 8:34:25 AM - Found 'C:\PROGRAM FILES (X86)\MICROSOFT VISUAL STUDIO\2017\COMMUNITY\COMMON7\IDE\EXTENSIONS\Microsoft\SQLEditor\Vsix\extension.vsixmanifest'
4/26/2018 8:34:25 AM - Found 'C:\PROGRAM FILES (X86)\MICROSOFT VISUAL STUDIO\2017\COMMUNITY\COMMON7\IDE\EXTENSIONS\Microsoft\SQLDB\Vsix\extension.vsixmanifest'
4/26/2018 8:34:25 AM - Found 'C:\PROGRAM FILES (X86)\MICROSOFT VISUAL STUDIO\2017\COMMUNITY\COMMON7\IDE\EXTENSIONS\Microsoft\SQLDB\SSDTUpdate\extension.vsixmanifest'
4/26/2018 8:34:25 AM - Found 'C:\PROGRAM FILES (X86)\MICROSOFT VISUAL STUDIO\2017\COMMUNITY\COMMON7\IDE\EXTENSIONS\Microsoft\Publish\extension.vsixmanifest'
4/26/2018 8:34:25 AM - Found 'C:\PROGRAM FILES (X86)\MICROSOFT VISUAL STUDIO\2017\COMMUNITY\COMMON7\IDE\EXTENSIONS\Microsoft\Portable Library Tools\extension.vsixmanifest'
4/26/2018 8:34:25 AM - Found 'C:\PROGRAM FILES (X86)\MICROSOFT VISUAL STUDIO\2017\COMMUNITY\COMMON7\IDE\EXTENSIONS\Microsoft\Modeling\15.0\extension.vsixmanifest'
4/26/2018 8:34:25 AM - Found 'C:\PROGRAM FILES (X86)\MICROSOFT VISUAL STUDIO\2017\COMMUNITY\COMMON7\IDE\EXTENSIONS\Microsoft\Microsoft Office 365 Connected Service\extension.vsixmanifest'
4/26/2018 8:34:25 AM - Found 'C:\PROGRAM FILES (X86)\MICROSOFT VISUAL STUDIO\2017\COMMUNITY\COMMON7\IDE\EXTENSIONS\Microsoft\ManagedProjectSystem\extension.vsixmanifest'
4/26/2018 8:34:25 AM - Found 'C:\PROGRAM FILES (X86)\MICROSOFT VISUAL STUDIO\2017\COMMUNITY\COMMON7\IDE\EXTENSIONS\Microsoft\ADL Tools\2.2.9000.1\extension.vsixmanifest'
4/26/2018 8:34:25 AM - Found 'C:\PROGRAM FILES (X86)\MICROSOFT VISUAL STUDIO\2017\COMMUNITY\COMMON7\IDE\EXTENSIONS\merj5da2.fn5\extension.vsixmanifest'
4/26/2018 8:34:25 AM - Found 'C:\PROGRAM FILES (X86)\MICROSOFT VISUAL STUDIO\2017\COMMUNITY\COMMON7\IDE\EXTENSIONS\jdlbneos.lgl\extension.vsixmanifest'
4/26/2018 8:34:25 AM - Found 'C:\PROGRAM FILES (X86)\MICROSOFT VISUAL STUDIO\2017\COMMUNITY\COMMON7\IDE\EXTENSIONS\jdjt0rah.ueu\extension.vsixmanifest'
4/26/2018 8:34:25 AM - Found 'C:\PROGRAM FILES (X86)\MICROSOFT VISUAL STUDIO\2017\COMMUNITY\COMMON7\IDE\EXTENSIONS\hpss3tvh.p2z\extension.vsixmanifest'
4/26/2018 8:34:25 AM - Found 'C:\PROGRAM FILES (X86)\MICROSOFT VISUAL STUDIO\2017\COMMUNITY\COMMON7\IDE\EXTENSIONS\himseubd.2ac\extension.vsixmanifest'
4/26/2018 8:34:25 AM - Found 'C:\PROGRAM FILES (X86)\MICROSOFT VISUAL STUDIO\2017\COMMUNITY\COMMON7\IDE\EXTENSIONS\f3nllspg.au1\extension.vsixmanifest'
4/26/2018 8:34:25 AM - Found 'C:\PROGRAM FILES (X86)\MICROSOFT VISUAL STUDIO\2017\COMMUNITY\COMMON7\IDE\EXTENSIONS\cu0ny0ts.u4t\extension.vsixmanifest'
4/26/2018 8:34:25 AM - Found 'C:\PROGRAM FILES (X86)\MICROSOFT VISUAL STUDIO\2017\COMMUNITY\COMMON7\IDE\EXTENSIONS\5ywcrdel.n1q\extension.vsixmanifest'
4/26/2018 8:34:25 AM - Found 'C:\PROGRAM FILES (X86)\MICROSOFT VISUAL STUDIO\2017\COMMUNITY\COMMON7\IDE\EXTENSIONS\4ccmtegz.rck\extension.vsixmanifest'
4/26/2018 8:34:25 AM - Found 'C:\PROGRAM FILES (X86)\MICROSOFT VISUAL STUDIO\2017\COMMUNITY\COMMON7\IDE\EXTENSIONS\3iyptjjr.dk4\extension.vsixmanifest'
4/26/2018 8:34:25 AM - Found 'C:\PROGRAM FILES (X86)\MICROSOFT VISUAL STUDIO\2017\COMMUNITY\COMMON7\IDE\EXTENSIONS\001ss942.rgs\extension.vsixmanifest'
4/26/2018 8:34:25 AM - Capping recursion at 5 directories in each extension root due to 'default limit'.
4/26/2018 8:34:25 AM - Found 'C:\PROGRAM FILES (X86)\MICROSOFT VISUAL STUDIO\2017\COMMUNITY\COMMON7\IDE\COMMONEXTENSIONS\Platform\Visual Studio MPF\15.0\extension.vsixmanifest'
4/26/2018 8:34:25 AM - Found 'C:\PROGRAM FILES (X86)\MICROSOFT VISUAL STUDIO\2017\COMMUNITY\COMMON7\IDE\COMMONEXTENSIONS\Platform\TreeNavigation\extension.vsixmanifest'
4/26/2018 8:34:25 AM - Found 'C:\PROGRAM FILES (X86)\MICROSOFT VISUAL STUDIO\2017\COMMUNITY\COMMON7\IDE\COMMONEXTENSIONS\Platform\TreeNavigation\GraphProvider\extension.vsixmanifest'
4/26/2018 8:34:25 AM - Found 'C:\PROGRAM FILES (X86)\MICROSOFT VISUAL STUDIO\2017\COMMUNITY\COMMON7\IDE\COMMONEXTENSIONS\Platform\Shell\extension.vsixmanifest'
4/26/2018 8:34:25 AM - Found 'C:\PROGRAM FILES (X86)\MICROSOFT VISUAL STUDIO\2017\COMMUNITY\COMMON7\IDE\COMMONEXTENSIONS\Platform\PerfMarkers\extension.vsixmanifest'
4/26/2018 8:34:25 AM - Found 'C:\PROGRAM FILES (X86)\MICROSOFT VISUAL STUDIO\2017\COMMUNITY\COMMON7\IDE\COMMONEXTENSIONS\Platform\ParallelDebugger\extension.vsixmanifest'
4/26/2018 8:34:25 AM - Found 'C:\PROGRAM FILES (X86)\MICROSOFT VISUAL STUDIO\2017\COMMUNITY\COMMON7\IDE\COMMONEXTENSIONS\Platform\NavigateTo\extension.vsixmanifest'
4/26/2018 8:34:25 AM - Found 'C:\PROGRAM FILES (X86)\MICROSOFT VISUAL STUDIO\2017\COMMUNITY\COMMON7\IDE\COMMONEXTENSIONS\Platform\NavigateTo\FileProvider\extension.vsixmanifest'
4/26/2018 8:34:25 AM - Found 'C:\PROGRAM FILES (X86)\MICROSOFT VISUAL STUDIO\2017\COMMUNITY\COMMON7\IDE\COMMONEXTENSIONS\Platform\DiagnosticsHub\extension.vsixmanifest'
4/26/2018 8:34:25 AM - Found 'C:\PROGRAM FILES (X86)\MICROSOFT VISUAL STUDIO\2017\COMMUNITY\COMMON7\IDE\COMMONEXTENSIONS\Platform\Debugger\extension.vsixmanifest'
4/26/2018 8:34:25 AM - Found 'C:\PROGRAM FILES (X86)\MICROSOFT VISUAL STUDIO\2017\COMMUNITY\COMMON7\IDE\COMMONEXTENSIONS\Platform\CPUSampling\extension.vsixmanifest'
4/26/2018 8:34:25 AM - Found 'C:\PROGRAM FILES (X86)\MICROSOFT VISUAL STUDIO\2017\COMMUNITY\COMMON7\IDE\COMMONEXTENSIONS\Microsoft\XamlLanguageService\extension.vsixmanifest'
4/26/2018 8:34:25 AM - Found 'C:\PROGRAM FILES (X86)\MICROSOFT VISUAL STUDIO\2017\COMMUNITY\COMMON7\IDE\COMMONEXTENSIONS\Microsoft\XamlDiagnostics\extension.vsixmanifest'
4/26/2018 8:34:25 AM - Found 'C:\PROGRAM FILES (X86)\MICROSOFT VISUAL STUDIO\2017\COMMUNITY\COMMON7\IDE\COMMONEXTENSIONS\Microsoft\WebClient\Language Service\extension.vsixmanifest'
4/26/2018 8:34:25 AM - Found 'C:\PROGRAM FILES (X86)\MICROSOFT VISUAL STUDIO\2017\COMMUNITY\COMMON7\IDE\COMMONEXTENSIONS\Microsoft\WebClient\Diagnostics\WebDiagnosticsAttach\extension.vsixmanifest'
4/26/2018 8:34:25 AM - Found 'C:\PROGRAM FILES (X86)\MICROSOFT VISUAL STUDIO\2017\COMMUNITY\COMMON7\IDE\COMMONEXTENSIONS\Microsoft\WebClient\Diagnostics\ToolWindows\extension.vsixmanifest'
4/26/2018 8:34:25 AM - Found 'C:\PROGRAM FILES (X86)\MICROSOFT VISUAL STUDIO\2017\COMMUNITY\COMMON7\IDE\COMMONEXTENSIONS\Microsoft\Web\Razor\v3.0\extension.vsixmanifest'
4/26/2018 8:34:25 AM - Found 'C:\PROGRAM FILES (X86)\MICROSOFT VISUAL STUDIO\2017\COMMUNITY\COMMON7\IDE\COMMONEXTENSIONS\Microsoft\Web\Exports\extension.vsixmanifest'
4/26/2018 8:34:25 AM - Found 'C:\PROGRAM FILES (X86)\MICROSOFT VISUAL STUDIO\2017\COMMUNITY\COMMON7\IDE\COMMONEXTENSIONS\Microsoft\Web\ASPX\extension.vsixmanifest'
4/26/2018 8:34:25 AM - Found 'C:\PROGRAM FILES (X86)\MICROSOFT VISUAL STUDIO\2017\COMMUNITY\COMMON7\IDE\COMMONEXTENSIONS\Microsoft\VisualStudio\Editors\extension.vsixmanifest'
4/26/2018 8:34:25 AM - Found 'C:\PROGRAM FILES (X86)\MICROSOFT VISUAL STUDIO\2017\COMMUNITY\COMMON7\IDE\COMMONEXTENSIONS\Microsoft\TypeScript\extension.vsixmanifest'
4/26/2018 8:34:25 AM - Found 'C:\PROGRAM FILES (X86)\MICROSOFT VISUAL STUDIO\2017\COMMUNITY\COMMON7\IDE\COMMONEXTENSIONS\Microsoft\TextMate\extension.vsixmanifest'
4/26/2018 8:34:25 AM - Found 'C:\PROGRAM FILES (X86)\MICROSOFT VISUAL STUDIO\2017\COMMUNITY\COMMON7\IDE\COMMONEXTENSIONS\Microsoft\TestWindow\extension.vsixmanifest'
4/26/2018 8:34:25 AM - Found 'C:\PROGRAM FILES (X86)\MICROSOFT VISUAL STUDIO\2017\COMMUNITY\COMMON7\IDE\COMMONEXTENSIONS\Microsoft\TemplateProviders\extension.vsixmanifest'
4/26/2018 8:34:25 AM - Found 'C:\PROGRAM FILES (X86)\MICROSOFT VISUAL STUDIO\2017\COMMUNITY\COMMON7\IDE\COMMONEXTENSIONS\Microsoft\TeamFoundation\Team Explorer\extension.vsixmanifest'
4/26/2018 8:34:25 AM - Found 'C:\PROGRAM FILES (X86)\MICROSOFT VISUAL STUDIO\2017\COMMUNITY\COMMON7\IDE\COMMONEXTENSIONS\Microsoft\ReferenceManager\extension.vsixmanifest'
4/26/2018 8:34:25 AM - Found 'C:\PROGRAM FILES (X86)\MICROSOFT VISUAL STUDIO\2017\COMMUNITY\COMMON7\IDE\COMMONEXTENSIONS\Microsoft\RazorLanguageServices\extension.vsixmanifest'
4/26/2018 8:34:25 AM - Found 'C:\PROGRAM FILES (X86)\MICROSOFT VISUAL STUDIO\2017\COMMUNITY\COMMON7\IDE\COMMONEXTENSIONS\Microsoft\ProjectServices\extension.vsixmanifest'
4/26/2018 8:34:25 AM - Found 'C:\PROGRAM FILES (X86)\MICROSOFT VISUAL STUDIO\2017\COMMUNITY\COMMON7\IDE\COMMONEXTENSIONS\Microsoft\Project\extension.vsixmanifest'
4/26/2018 8:34:25 AM - Found 'C:\PROGRAM FILES (X86)\MICROSOFT VISUAL STUDIO\2017\COMMUNITY\COMMON7\IDE\COMMONEXTENSIONS\Microsoft\ProductUpdate\extension.vsixmanifest'
4/26/2018 8:34:25 AM - Found 'C:\PROGRAM FILES (X86)\MICROSOFT VISUAL STUDIO\2017\COMMUNITY\COMMON7\IDE\COMMONEXTENSIONS\Microsoft\Performance Tools\extension.vsixmanifest'
4/26/2018 8:34:25 AM - Found 'C:\PROGRAM FILES (X86)\MICROSOFT VISUAL STUDIO\2017\COMMUNITY\COMMON7\IDE\COMMONEXTENSIONS\Microsoft\OpenFolder\extension.vsixmanifest'
4/26/2018 8:34:25 AM - Found 'C:\PROGRAM FILES (X86)\MICROSOFT VISUAL STUDIO\2017\COMMUNITY\COMMON7\IDE\COMMONEXTENSIONS\Microsoft\NuGet\extension.vsixmanifest'
4/26/2018 8:34:25 AM - Found 'C:\PROGRAM FILES (X86)\MICROSOFT VISUAL STUDIO\2017\COMMUNITY\COMMON7\IDE\COMMONEXTENSIONS\Microsoft\ManagedLanguages\VBCSharp\SourceBasedTestDiscovery\extension.vsixmanifest'
4/26/2018 8:34:25 AM - Found 'C:\PROGRAM FILES (X86)\MICROSOFT VISUAL STUDIO\2017\COMMUNITY\COMMON7\IDE\COMMONEXTENSIONS\Microsoft\ManagedLanguages\VBCSharp\LanguageServicesNext\extension.vsixmanifest'
4/26/2018 8:34:25 AM - Found 'C:\PROGRAM FILES (X86)\MICROSOFT VISUAL STUDIO\2017\COMMUNITY\COMMON7\IDE\COMMONEXTENSIONS\Microsoft\ManagedLanguages\VBCSharp\LanguageServices\extension.vsixmanifest'
4/26/2018 8:34:25 AM - Found 'C:\PROGRAM FILES (X86)\MICROSOFT VISUAL STUDIO\2017\COMMUNITY\COMMON7\IDE\COMMONEXTENSIONS\Microsoft\ManagedLanguages\VBCSharp\InteractiveComponents\extension.vsixmanifest'
4/26/2018 8:34:25 AM - Found 'C:\PROGRAM FILES (X86)\MICROSOFT VISUAL STUDIO\2017\COMMUNITY\COMMON7\IDE\COMMONEXTENSIONS\Microsoft\ManagedLanguages\VBCSharp\ExpressionEvaluators\extension.vsixmanifest'
4/26/2018 8:34:25 AM - Found 'C:\PROGRAM FILES (X86)\MICROSOFT VISUAL STUDIO\2017\COMMUNITY\COMMON7\IDE\COMMONEXTENSIONS\Microsoft\Language\GenerateType\extension.vsixmanifest'
4/26/2018 8:34:25 AM - Found 'C:\PROGRAM FILES (X86)\MICROSOFT VISUAL STUDIO\2017\COMMUNITY\COMMON7\IDE\COMMONEXTENSIONS\Microsoft\Language\CallHierarchy\extension.vsixmanifest'
4/26/2018 8:34:25 AM - Found 'C:\PROGRAM FILES (X86)\MICROSOFT VISUAL STUDIO\2017\COMMUNITY\COMMON7\IDE\COMMONEXTENSIONS\Microsoft\InteractiveWindow\extension.vsixmanifest'
4/26/2018 8:34:25 AM - Found 'C:\PROGRAM FILES (X86)\MICROSOFT VISUAL STUDIO\2017\COMMUNITY\COMMON7\IDE\COMMONEXTENSIONS\Microsoft\FSharp\extension.vsixmanifest'
4/26/2018 8:34:25 AM - Found 'C:\PROGRAM FILES (X86)\MICROSOFT VISUAL STUDIO\2017\COMMUNITY\COMMON7\IDE\COMMONEXTENSIONS\Microsoft\ExtensionManager\ServiceModule\extension.vsixmanifest'
4/26/2018 8:34:25 AM - Found 'C:\PROGRAM FILES (X86)\MICROSOFT VISUAL STUDIO\2017\COMMUNITY\COMMON7\IDE\COMMONEXTENSIONS\Microsoft\ErrorList\extension.vsixmanifest'
4/26/2018 8:34:25 AM - Found 'C:\PROGRAM FILES (X86)\MICROSOFT VISUAL STUDIO\2017\COMMUNITY\COMMON7\IDE\COMMONEXTENSIONS\Microsoft\Editor\extension.vsixmanifest'
4/26/2018 8:34:25 AM - Found 'C:\PROGRAM FILES (X86)\MICROSOFT VISUAL STUDIO\2017\COMMUNITY\COMMON7\IDE\COMMONEXTENSIONS\Microsoft\Diff\extension.vsixmanifest'
4/26/2018 8:34:25 AM - Found 'C:\PROGRAM FILES (X86)\MICROSOFT VISUAL STUDIO\2017\COMMUNITY\COMMON7\IDE\COMMONEXTENSIONS\Microsoft\DesignTools\extension.vsixmanifest'
4/26/2018 8:34:25 AM - Found 'C:\PROGRAM FILES (X86)\MICROSOFT VISUAL STUDIO\2017\COMMUNITY\COMMON7\IDE\COMMONEXTENSIONS\Microsoft\CodingConventions\extension.vsixmanifest'
4/26/2018 8:34:25 AM - Found 'C:\PROGRAM FILES (X86)\MICROSOFT VISUAL STUDIO\2017\COMMUNITY\COMMON7\IDE\COMMONEXTENSIONS\Microsoft\CodeAnalysis\extension.vsixmanifest'
4/26/2018 8:34:25 AM - Found 'C:\PROGRAM FILES (X86)\MICROSOFT VISUAL STUDIO\2017\COMMUNITY\COMMON7\IDE\COMMONEXTENSIONS\Microsoft\ClientDiagnostics\extension.vsixmanifest'
4/26/2018 8:34:25 AM - Found 'C:\PROGRAM FILES (X86)\MICROSOFT VISUAL STUDIO\2017\COMMUNITY\COMMON7\IDE\COMMONEXTENSIONS\Microsoft\ClientDiagnostics\AppResponsiveness\extension.vsixmanifest'
4/26/2018 8:34:25 AM - Found 'C:\PROGRAM FILES (X86)\MICROSOFT VISUAL STUDIO\2017\COMMUNITY\COMMON7\IDE\COMMONEXTENSIONS\Microsoft\Architecture Tools\Providers\Solution\extension.vsixmanifest'
4/26/2018 8:34:25 AM - Found 'C:\PROGRAM FILES (X86)\MICROSOFT VISUAL STUDIO\2017\COMMUNITY\COMMON7\IDE\COMMONEXTENSIONS\Microsoft\Architecture Tools\Providers\ManagedProvider\extension.vsixmanifest'
4/26/2018 8:34:25 AM - Found 'C:\PROGRAM FILES (X86)\MICROSOFT VISUAL STUDIO\2017\COMMUNITY\COMMON7\IDE\COMMONEXTENSIONS\Microsoft\Architecture Tools\GraphProviderPackage\extension.vsixmanifest'
4/26/2018 8:34:25 AM - Found 'C:\PROGRAM FILES (X86)\MICROSOFT VISUAL STUDIO\2017\COMMUNITY\COMMON7\IDE\COMMONEXTENSIONS\DataDesign\extension.vsixmanifest'
4/26/2018 8:34:25 AM - Capping recursion at 5 directories in each extension root due to 'default limit'.
4/26/2018 8:34:25 AM - Skipping 'C:\Program Files (x86)\Common Files\Microsoft\ExtensionManager\Extensions' as it doesn't exist
4/26/2018 8:34:25 AM - Skipping 'C:\Users\Sharon\AppData\Local\Microsoft SDKs' as it doesn't exist
4/26/2018 8:34:25 AM - Beginning to install extension to Visual Studio Community 2017...
4/26/2018 8:34:26 AM - VSIX TaskScheduler: VSIX Auto Updatetask does not exist.
4/26/2018 8:34:26 AM - VSIX TaskScheduler: VSIX Auto Updatetask has been successfully created.
4/26/2018 8:34:35 AM - Skipping non-applicable package Microsoft.Windows.UniversalCRT.Msu.8: The current OS Version '10.0.16299.0' is not in the supported version range '[6.2,6.3)'.
4/26/2018 8:34:35 AM - Skipping non-applicable package Microsoft.Windows.UniversalCRT.Msu.81: The current OS Version '10.0.16299.0' is not in the supported version range '[6.3,6.4)'.
4/26/2018 8:34:35 AM - Skipping non-applicable package Microsoft.Windows.D3DCompiler.Msu.Win7: The current OS Version '10.0.16299.0' is not in the supported version range '[6.1,6.2)'.
4/26/2018 8:34:35 AM - Skipping non-applicable package Microsoft.Net.4.6.FullRedist.NonThreshold: The current OS Version '10.0.16299.0' is not in the supported version range '[6.1.1,6.4)'.
4/26/2018 8:34:40 AM - Skipping non-applicable package Microsoft.VisualStudio.Debugger.DbgHelp.Win8: The current OS Version '10.0.16299.0' is not in the supported version range '[6.1,6.3]'.
4/26/2018 8:34:40 AM - Skipping non-applicable package Microsoft.VisualStudio.Debugger.Remote.DbgHelp.Win8: The current OS Version '10.0.16299.0' is not in the supported version range '[6.1,6.3]'.
4/26/2018 8:34:40 AM - Skipping non-applicable package Microsoft.VisualStudio.Debugger.Remote.DbgHelp.Win8: The current OS Version '10.0.16299.0' is not in the supported version range '[6.1,6.3]'.
4/26/2018 8:34:44 AM - Skipping non-applicable package Microsoft.Windows.UniversalCRT.Msu.7: The current OS Version '10.0.16299.0' is not in the supported version range '[6.1,6.2)'.
4/26/2018 8:34:44 AM - Skipping non-applicable package Microsoft.DiagnosticsHub.KB2882822.Win7: The current OS Version '10.0.16299.0' is not in the supported version range '[6.1,6.2)'.
4/26/2018 8:34:44 AM - Skipping non-applicable package WebSocket4NetV2: The current OS Version '10.0.16299.0' is not in the supported version range '[6.1,6.2)'.
4/26/2018 8:34:44 AM - Skipping non-applicable package Microsoft.Net.4.6.1.FullRedist.Threshold: The current OS Version '10.0.16299.0' is not in the supported version range '[10.0.10240]'.
4/26/2018 8:34:44 AM - Skipping non-applicable package Microsoft.Net.4.6.1.FullRedist.NonThreshold: The current OS Version '10.0.16299.0' is not in the supported version range '[6.1.1,6.4)'.
4/26/2018 8:34:50 AM - Skipping non-applicable package Microsoft.Windows.81SDK.Store.DirectX.Msi: The current OS Version '10.0.16299.0' is not in the supported version range '[6.1,6.3]'.
4/26/2018 8:34:50 AM - Skipping non-applicable package Microsoft.Windows.81SDK.Store.DirectX.Msi: The current OS Version '10.0.16299.0' is not in the supported version range '[6.1,6.3]'.
4/26/2018 8:34:50 AM - Skipping non-applicable package Microsoft.Windows.81SDK.Desktop.DirectX.Msi: The current OS Version '10.0.16299.0' is not in the supported version range '[6.1,6.3]'.
4/26/2018 8:34:50 AM - Skipping non-applicable package Microsoft.Windows.81SDK.Desktop.DirectX.Msi: The current OS Version '10.0.16299.0' is not in the supported version range '[6.1,6.3]'.
4/26/2018 8:34:50 AM - Skipping non-applicable package Win10_Emulator_10.0.15254.VHD: Hyper-V is not supported by the current environment.
4/26/2018 8:34:50 AM - Skipping non-applicable package Win10_Emulator_10.0.15254: Hyper-V is not supported by the current environment.
4/26/2018 8:34:51 AM - Skipping non-applicable package Microsoft.Net.4.7.FullRedist: The current OS Version '10.0.16299.0' is not in the supported version range '[6.1.1,10.0.14393]'.
4/26/2018 8:34:51 AM - Skipping non-applicable package Microsoft.Net.4.7.1.FullRedist: The current OS Version '10.0.16299.0' is not in the supported version range '[6.1.1,10.0.15063]'.
4/26/2018 8:34:54 AM - Skipping non-applicable package Microsoft.Ancm.IIS.Msi: Required conditions are not satisfied: IISCoreWebEngineInstalledx64 And IISW3SvcInstalledx64
4/26/2018 8:34:55 AM - Skipping non-applicable package Microsoft.VisualStudio.OfficeDeveloperTools.WindowsIdentityFoundation.Msu: The current OS Version '10.0.16299.0' is not in the supported version range '(,6.2)'.
4/26/2018 8:34:55 AM - Skipping non-applicable package Win10_Emulator_10.0.14393.0: Hyper-V is not supported by the current environment.
4/26/2018 8:34:55 AM - Skipping non-applicable package Win10_Emulator_10.0.15063.VHD: Hyper-V is not supported by the current environment.
4/26/2018 8:34:55 AM - Skipping non-applicable package Win10_Emulator_10.0.15063: Hyper-V is not supported by the current environment.
4/26/2018 8:34:55 AM - Skipping non-applicable package vs.emulator.android.bundle: Hyper-V is not supported by the current environment.
4/26/2018 8:34:55 AM - Skipping non-applicable package vs.emulator.android: Hyper-V is not supported by the current environment.
4/26/2018 9:11:22 AM - Install to Visual Studio Community 2017 completed successfully. The extension has been installed to C:\PROGRAM FILES (X86)\MICROSOFT VISUAL STUDIO\2017\COMMUNITY\COMMON7\IDE\EXTENSIONS\52IA54UM.ZDW\
